<?xml version="1.0" encoding="UTF-8"?>
<testsuite name="allclear.AllClearApplicationTests" tests="1" skipped="0" failures="0" errors="0" timestamp="2024-02-10T20:33:40" hostname="johyeonBookPro2" time="0.309">
  <properties/>
  <testcase name="contextLoads()" classname="allclear.AllClearApplicationTests" time="0.309"/>
  <system-out><![CDATA[05:33:36.476 [Test worker] INFO org.springframework.test.context.support.AnnotationConfigContextLoaderUtils -- Could not detect default configuration classes for test class [allclear.AllClearApplicationTests]: AllClearApplicationTests does not declare any static, non-private, non-final, nested classes annotated with @Configuration.
05:33:36.542 [Test worker] INFO org.springframework.boot.test.context.SpringBootTestContextBootstrapper -- Found @SpringBootConfiguration allclear.AllClearApplication for test class allclear.AllClearApplicationTests

  .   ____          _            __ _ _
 /\\ / ___'_ __ _ _(_)_ __  __ _ \ \ \ \
( ( )\___ | '_ | '_| | '_ \/ _` | \ \ \ \
 \\/  ___)| |_)| | | | | || (_| |  ) ) ) )
  '  |____| .__|_| |_|_| |_\__, | / / / /
 =========|_|==============|___/=/_/_/_/
 :: Spring Boot ::                (v3.1.3)

2024-02-11T05:33:36.754+09:00  INFO 15044 --- [    Test worker] allclear.AllClearApplicationTests        : Starting AllClearApplicationTests using Java 17.0.9 with PID 15044 (started by johyeongeun in /Users/johyeongeun/Desktop/allclear)
2024-02-11T05:33:36.755+09:00  INFO 15044 --- [    Test worker] allclear.AllClearApplicationTests        : No active profile set, falling back to 1 default profile: "default"
2024-02-11T05:33:37.102+09:00  INFO 15044 --- [    Test worker] .s.d.r.c.RepositoryConfigurationDelegate : Bootstrapping Spring Data JPA repositories in DEFAULT mode.
2024-02-11T05:33:37.150+09:00  INFO 15044 --- [    Test worker] .s.d.r.c.RepositoryConfigurationDelegate : Finished Spring Data repository scanning in 44 ms. Found 13 JPA repository interfaces.
2024-02-11T05:33:37.592+09:00  INFO 15044 --- [    Test worker] o.hibernate.jpa.internal.util.LogHelper  : HHH000204: Processing PersistenceUnitInfo [name: default]
2024-02-11T05:33:37.624+09:00  INFO 15044 --- [    Test worker] org.hibernate.Version                    : HHH000412: Hibernate ORM core version 6.2.7.Final
2024-02-11T05:33:37.625+09:00  INFO 15044 --- [    Test worker] org.hibernate.cfg.Environment            : HHH000406: Using bytecode reflection optimizer
2024-02-11T05:33:37.699+09:00  INFO 15044 --- [    Test worker] o.h.b.i.BytecodeProviderInitiator        : HHH000021: Bytecode provider name : bytebuddy
2024-02-11T05:33:37.770+09:00  INFO 15044 --- [    Test worker] o.s.o.j.p.SpringPersistenceUnitInfo      : No LoadTimeWeaver setup: ignoring JPA class transformer
2024-02-11T05:33:37.780+09:00  INFO 15044 --- [    Test worker] com.zaxxer.hikari.HikariDataSource       : HikariPool-1 - Starting...
2024-02-11T05:33:37.825+09:00  INFO 15044 --- [    Test worker] com.zaxxer.hikari.pool.HikariPool        : HikariPool-1 - Added connection conn0: url=jdbc:h2:tcp://localhost/~/allclear user=SA
2024-02-11T05:33:37.826+09:00  INFO 15044 --- [    Test worker] com.zaxxer.hikari.HikariDataSource       : HikariPool-1 - Start completed.
2024-02-11T05:33:38.009+09:00  INFO 15044 --- [    Test worker] o.h.b.i.BytecodeProviderInitiator        : HHH000021: Bytecode provider name : bytebuddy
2024-02-11T05:33:38.512+09:00  INFO 15044 --- [    Test worker] o.h.e.t.j.p.i.JtaPlatformInitiator       : HHH000490: Using JtaPlatform implementation: [org.hibernate.engine.transaction.jta.platform.internal.NoJtaPlatform]
2024-02-11T05:33:38.530+09:00 DEBUG 15044 --- [    Test worker] org.hibernate.SQL                        : 
    alter table if exists class_info 
       alter column end_time set data type time(6)
2024-02-11T05:33:38.532+09:00 DEBUG 15044 --- [    Test worker] org.hibernate.SQL                        : 
    alter table if exists class_info 
       alter column start_time set data type time(6)
2024-02-11T05:33:38.535+09:00 DEBUG 15044 --- [    Test worker] org.hibernate.SQL                        : 
    alter table if exists timetable_class_info 
       alter column end_time set data type time(6)
2024-02-11T05:33:38.536+09:00 DEBUG 15044 --- [    Test worker] org.hibernate.SQL                        : 
    alter table if exists timetable_class_info 
       alter column start_time set data type time(6)
2024-02-11T05:33:38.537+09:00 DEBUG 15044 --- [    Test worker] org.hibernate.SQL                        : 
    alter table if exists timetable_generator_class_info 
       alter column end_time set data type time(6)
2024-02-11T05:33:38.537+09:00 DEBUG 15044 --- [    Test worker] org.hibernate.SQL                        : 
    alter table if exists timetable_generator_class_info 
       alter column start_time set data type time(6)
2024-02-11T05:33:38.557+09:00  INFO 15044 --- [    Test worker] j.LocalContainerEntityManagerFactoryBean : Initialized JPA EntityManagerFactory for persistence unit 'default'
2024-02-11T05:33:39.081+09:00  WARN 15044 --- [    Test worker] JpaBaseConfiguration$JpaWebConfiguration : spring.jpa.open-in-view is enabled by default. Therefore, database queries may be performed during view rendering. Explicitly configure spring.jpa.open-in-view to disable this warning
2024-02-11T05:33:39.134+09:00  INFO 15044 --- [    Test worker] o.s.s.web.DefaultSecurityFilterChain     : Will secure any request with [org.springframework.security.web.session.DisableEncodeUrlFilter@7c9015c6, org.springframework.security.web.context.request.async.WebAsyncManagerIntegrationFilter@36b2b6e6, org.springframework.security.web.context.SecurityContextHolderFilter@3956df0a, org.springframework.security.web.header.HeaderWriterFilter@5472c27a, org.springframework.security.web.authentication.logout.LogoutFilter@6030eff1, allclear.global.jwt.JwtAuthenticationFilter@5a9004e1, org.springframework.security.web.savedrequest.RequestCacheAwareFilter@e8ce5b1, org.springframework.security.web.servletapi.SecurityContextHolderAwareRequestFilter@d3929ba, org.springframework.security.web.authentication.AnonymousAuthenticationFilter@17af9f67, org.springframework.security.web.session.SessionManagementFilter@56c39949, org.springframework.security.web.access.ExceptionTranslationFilter@17e2ad13, org.springframework.security.web.access.intercept.AuthorizationFilter@354ff4f6]
2024-02-11T05:33:40.019+09:00  WARN 15044 --- [    Test worker] ion$DefaultTemplateResolverConfiguration : Cannot find template location: classpath:/templates/ (please add some templates, check your Thymeleaf configuration, or set spring.thymeleaf.check-template-location=false)
2024-02-11T05:33:40.119+09:00  INFO 15044 --- [    Test worker] allclear.AllClearApplicationTests        : Started AllClearApplicationTests in 3.5 seconds (process running for 4.118)
]]></system-out>
  <system-err><![CDATA[]]></system-err>
</testsuite>
