<?xml version="1.0" encoding="UTF-8"?>
<testsuite name="all.clear.AllClearApplicationTests" tests="1" skipped="0" failures="0" errors="0" timestamp="2023-11-17T16:21:17" hostname="CHANMIN_0423" time="0.022">
  <properties/>
  <testcase name="contextLoads()" classname="all.clear.AllClearApplicationTests" time="0.022"/>
  <system-out><![CDATA[찬민
]]></system-out>
  <system-err><![CDATA[]]></system-err>
</testsuite>
